<?xml version="1.0" encoding="UTF-8"?>
<testsuites>
  <testsuite name="" tests="3" assertions="3" failures="0" errors="0" time="0.357538">
    <testsuite name="Feature Tests" tests="2" assertions="2" failures="0" errors="0" time="0.331918">
      <testsuite name="Tests\Feature\ExampleTest" file="C:\wamp64\www\gestionpres\tests\Feature\ExampleTest.php" tests="1" assertions="1" failures="0" errors="0" time="0.304249">
        <testcase name="testBasicTest" class="Tests\Feature\ExampleTest" file="C:\wamp64\www\gestionpres\tests\Feature\ExampleTest.php" line="17" assertions="1" time="0.304249"/>
      </testsuite>
      <testsuite name="Tests\Feature\UserTest" file="C:\wamp64\www\gestionpres\tests\Feature\UserTest.php" tests="1" assertions="1" failures="0" errors="0" time="0.027669">
        <testcase name="testExample" class="Tests\Feature\UserTest" file="C:\wamp64\www\gestionpres\tests\Feature\UserTest.php" line="17" assertions="1" time="0.027669"/>
      </testsuite>
    </testsuite>
    <testsuite name="Unit Tests" tests="1" assertions="1" failures="0" errors="0" time="0.025620">
      <testsuite name="Tests\Unit\ExampleTest" file="C:\wamp64\www\gestionpres\tests\Unit\ExampleTest.php" tests="1" assertions="1" failures="0" errors="0" time="0.025620">
        <testcase name="testBasicTest" class="Tests\Unit\ExampleTest" file="C:\wamp64\www\gestionpres\tests\Unit\ExampleTest.php" line="16" assertions="1" time="0.025620"/>
      </testsuite>
    </testsuite>
  </testsuite>
</testsuites>
