<?xml version="1.0" encoding="UTF-8"?>
<testsuites>
  <testsuite name="" tests="3" assertions="3" failures="0" errors="0" time="0.334938">
    <testsuite name="Feature Tests" tests="2" assertions="2" failures="0" errors="0" time="0.309997">
      <testsuite name="Tests\Feature\ExampleTest" file="C:\wamp64\www\gestionpres\tests\Feature\ExampleTest.php" tests="1" assertions="1" failures="0" errors="0" time="0.283111">
        <testcase name="testBasicTest" class="Tests\Feature\ExampleTest" file="C:\wamp64\www\gestionpres\tests\Feature\ExampleTest.php" line="17" assertions="1" time="0.283111"/>
      </testsuite>
      <testsuite name="Tests\Feature\UserTest" file="C:\wamp64\www\gestionpres\tests\Feature\UserTest.php" tests="1" assertions="1" failures="0" errors="0" time="0.026886">
        <testcase name="testExample" class="Tests\Feature\UserTest" file="C:\wamp64\www\gestionpres\tests\Feature\UserTest.php" line="17" assertions="1" time="0.026886"/>
      </testsuite>
    </testsuite>
    <testsuite name="Unit Tests" tests="1" assertions="1" failures="0" errors="0" time="0.024941">
      <testsuite name="Tests\Unit\ExampleTest" file="C:\wamp64\www\gestionpres\tests\Unit\ExampleTest.php" tests="1" assertions="1" failures="0" errors="0" time="0.024941">
        <testcase name="testBasicTest" class="Tests\Unit\ExampleTest" file="C:\wamp64\www\gestionpres\tests\Unit\ExampleTest.php" line="16" assertions="1" time="0.024941"/>
      </testsuite>
    </testsuite>
  </testsuite>
</testsuites>
